# JRE version: Java(TM) SE Runtime Environment (15.0.2+7) (build 15.0.2+7-27)
# Java VM: Java HotSpot(TM) 64-Bit Server VM (15.0.2+7-27, mixed mode, sharing, tiered, compressed oops, g1 gc, windows-amd64)
GC Precious Log:
 CPUs: 4 total, 4 available
 Memory: 16279M
 Large Page Support: Disabled
 NUMA Support: Disabled
 Compressed Oops: Enabled (Zero based)
 Heap Region Size: 2M
 Heap Min Capacity: 8M
 Heap Initial Capacity: 256M
 Heap Max Capacity: 4070M
 Pre-touch: Disabled
 Parallel Workers: 4
 Concurrent Workers: 1
 Concurrent Refinement Workers: 4
 Periodic GC: Disabled
Heap:
 garbage-first heap   total 262144K, used 8673K [0x0000000701a00000, 0x0000000800000000)
  region size 2048K, 3 young (6144K), 2 survivors (4096K)
 Metaspace       used 12103K, capacity 12478K, committed 12800K, reserved 1073152K
  class space    used 1566K, capacity 1701K, committed 1792K, reserved 1048576K
GC Heap History (8 events):
Event: 2.031 GC heap before
{Heap before GC invocations=0 (full 0):
 garbage-first heap   total 262144K, used 10240K [0x0000000701a00000, 0x0000000800000000)
  region size 2048K, 6 young (12288K), 0 survivors (0K)
 Metaspace       used 5204K, capacity 5337K, committed 5632K, reserved 1056768K
  class space    used 614K, capacity 670K, committed 768K, reserved 1048576K
}
Event: 2.143 GC heap after
{Heap after GC invocations=1 (full 0):
 garbage-first heap   total 262144K, used 5660K [0x0000000701a00000, 0x0000000800000000)
  region size 2048K, 1 young (2048K), 1 survivors (2048K)
 Metaspace       used 5204K, capacity 5337K, committed 5632K, reserved 1056768K
  class space    used 614K, capacity 670K, committed 768K, reserved 1048576K
}
Event: 2.944 GC heap before
{Heap before GC invocations=1 (full 0):
 garbage-first heap   total 262144K, used 13852K [0x0000000701a00000, 0x0000000800000000)
  region size 2048K, 6 young (12288K), 1 survivors (2048K)
 Metaspace       used 6858K, capacity 6983K, committed 7040K, reserved 1056768K
  class space    used 818K, capacity 872K, committed 896K, reserved 1048576K
}
Event: 2.948 GC heap after
{Heap after GC invocations=2 (full 0):
 garbage-first heap   total 262144K, used 6827K [0x0000000701a00000, 0x0000000800000000)
  region size 2048K, 1 young (2048K), 1 survivors (2048K)
 Metaspace       used 6858K, capacity 6983K, committed 7040K, reserved 1056768K
  class space    used 818K, capacity 872K, committed 896K, reserved 1048576K
}
Event: 2.960 GC heap before
{Heap before GC invocations=2 (full 0):
 garbage-first heap   total 262144K, used 23211K [0x0000000701a00000, 0x0000000800000000)
  region size 2048K, 10 young (20480K), 1 survivors (2048K)
 Metaspace       used 6973K, capacity 7115K, committed 7296K, reserved 1056768K
  class space    used 824K, capacity 872K, committed 896K, reserved 1048576K
}
Event: 2.963 GC heap after
{Heap after GC invocations=3 (full 0):
 garbage-first heap   total 262144K, used 7016K [0x0000000701a00000, 0x0000000800000000)
  region size 2048K, 1 young (2048K), 1 survivors (2048K)
 Metaspace       used 6973K, capacity 7115K, committed 7296K, reserved 1056768K
  class space    used 824K, capacity 872K, committed 896K, reserved 1048576K
}
Event: 3.819 GC heap before
{Heap before GC invocations=3 (full 0):
 garbage-first heap   total 262144K, used 52072K [0x0000000701a00000, 0x0000000800000000)
  region size 2048K, 25 young (51200K), 1 survivors (2048K)
 Metaspace       used 12097K, capacity 12414K, committed 12544K, reserved 1071104K
  class space    used 1566K, capacity 1701K, committed 1792K, reserved 1048576K
}
Event: 3.825 GC heap after
{Heap after GC invocations=4 (full 0):
 garbage-first heap   total 262144K, used 8673K [0x0000000701a00000, 0x0000000800000000)
  region size 2048K, 2 young (4096K), 2 survivors (4096K)
 Metaspace       used 12097K, capacity 12414K, committed 12544K, reserved 1071104K
  class space    used 1566K, capacity 1701K, committed 1792K, reserved 1048576K
}

